<?xml version="1.0" encoding="UTF-8"?>
<testsuite name="HelloWorldTest" tests="2" skipped="0" failures="0" errors="0" timestamp="2020-07-25T01:16:30" hostname="SDM-WKS01" time="0.002">
  <properties/>
  <testcase name="vehicleSpeed" classname="HelloWorldTest" time="0.001"/>
  <testcase name="vehicleType" classname="HelloWorldTest" time="0.0"/>
  <system-out><![CDATA[]]></system-out>
  <system-err><![CDATA[]]></system-err>
</testsuite>
